This file contains any messages produced by compilers while
running configure, to aid debugging if configure makes a mistake.

It was created by logger configure 1.0, which was
generated by GNU Autoconf 2.71.  Invocation command line was

  $ ./configure --prefix=/home/system/src/C/logger

## --------- ##
## Platform. ##
## --------- ##

hostname = fujitsu
uname -m = amd64
uname -r = 13.1-RELEASE
uname -s = FreeBSD
uname -v = FreeBSD 13.1-RELEASE releng/13.1-n250148-fc952ac2212 GENERIC

/usr/bin/uname -p = amd64
/bin/uname -X     = unknown

/bin/arch              = unknown
/usr/bin/arch -k       = unknown
/usr/convex/getsysinfo = unknown
/usr/bin/hostinfo      = unknown
/bin/machine           = unknown
/usr/bin/oslevel       = unknown
/bin/universe          = unknown

PATH: /sbin/
PATH: /bin/
PATH: /usr/sbin/
PATH: /usr/bin/
PATH: /usr/games/
PATH: /usr/local/sbin/
PATH: /usr/local/bin/
PATH: /home/system/bin/
PATH: /usr/npm-global/bin/


## ----------- ##
## Core tests. ##
## ----------- ##

configure:2412: looking for aux files: compile config.guess config.sub ltmain.sh missing install-sh
configure:2425:  trying ./
configure:2454:   ./compile found
configure:2454:   ./config.guess found
configure:2454:   ./config.sub found
configure:2454:   ./ltmain.sh found
configure:2454:   ./missing found
configure:2436:   ./install-sh found
configure:2586: checking for a BSD-compatible install
configure:2659: result: /usr/bin/install -c
configure:2670: checking whether build environment is sane
configure:2725: result: yes
configure:2884: checking for a race-free mkdir -p
configure:2928: result: ./install-sh -c -d
configure:2935: checking for gawk
configure:2970: result: no
configure:2935: checking for mawk
configure:2970: result: no
configure:2935: checking for nawk
configure:2956: found /usr/bin/nawk
configure:2967: result: nawk
configure:2978: checking whether make sets $(MAKE)
configure:3001: result: yes
configure:3031: checking whether make supports nested variables
configure:3049: result: yes
configure:3217: checking build system type
configure:3232: result: amd64-unknown-freebsd13.1
configure:3252: checking host system type
configure:3266: result: amd64-unknown-freebsd13.1
configure:3307: checking how to print strings
configure:3334: result: printf
configure:3368: checking whether make supports the include directive
configure:3383: make -f confmf.GNU && cat confinc.out
this is the am__doit target
configure:3386: $? = 0
configure:3405: result: yes (GNU style)
configure:3481: checking for gcc
configure:3502: found /usr/local/bin/gcc
configure:3513: result: gcc
configure:3866: checking for C compiler version
configure:3875: gcc --version >&5
gcc (FreeBSD Ports Collection) 11.3.0
Copyright (C) 2021 Free Software Foundation, Inc.
This is free software; see the source for copying conditions.  There is NO
warranty; not even for MERCHANTABILITY or FITNESS FOR A PARTICULAR PURPOSE.

configure:3886: $? = 0
configure:3875: gcc -v >&5
Using built-in specs.
COLLECT_GCC=gcc
COLLECT_LTO_WRAPPER=/usr/local/libexec/gcc11/gcc/x86_64-portbld-freebsd13.0/11.3.0/lto-wrapper
Target: x86_64-portbld-freebsd13.0
Configured with: /wrkdirs/usr/ports/lang/gcc11/work/gcc-11.3.0/configure --enable-multilib --with-build-config=bootstrap-lto-noplugin --disable-nls --enable-gnu-indirect-function --enable-host-shared --enable-plugin --libdir=/usr/local/lib/gcc11 --libexecdir=/usr/local/libexec/gcc11 --program-suffix=11 --with-as=/usr/local/bin/as --with-gmp=/usr/local --with-gxx-include-dir=/usr/local/lib/gcc11/include/c++/ --with-gxx-libcxx-include-dir=/usr/include/c++/v1 --with-ld=/usr/local/bin/ld --with-pkgversion='FreeBSD Ports Collection' --with-system-zlib --without-zstd --enable-languages=c,c++,objc,fortran,jit --prefix=/usr/local --localstatedir=/var --mandir=/usr/local/man --infodir=/usr/local/share/info/gcc11 --build=x86_64-portbld-freebsd13.0
Thread model: posix
Supported LTO compression algorithms: zlib
gcc version 11.3.0 (FreeBSD Ports Collection) 
configure:3886: $? = 0
configure:3875: gcc -V >&5
gcc: error: unrecognized command-line option '-V'
gcc: fatal error: no input files
compilation terminated.
configure:3886: $? = 1
configure:3875: gcc -qversion >&5
gcc: error: unrecognized command-line option '-qversion'; did you mean '--version'?
gcc: fatal error: no input files
compilation terminated.
configure:3886: $? = 1
configure:3875: gcc -version >&5
gcc: error: unrecognized command-line option '-version'
gcc: fatal error: no input files
compilation terminated.
configure:3886: $? = 1
configure:3906: checking whether the C compiler works
configure:3928: gcc    conftest.c  >&5
configure:3932: $? = 0
configure:3982: result: yes
configure:3985: checking for C compiler default output file name
configure:3987: result: a.out
configure:3993: checking for suffix of executables
configure:4000: gcc -o conftest    conftest.c  >&5
configure:4004: $? = 0
configure:4027: result: 
configure:4049: checking whether we are cross compiling
configure:4057: gcc -o conftest    conftest.c  >&5
configure:4061: $? = 0
configure:4068: ./conftest
configure:4072: $? = 0
configure:4087: result: no
configure:4092: checking for suffix of object files
configure:4115: gcc -c   conftest.c >&5
configure:4119: $? = 0
configure:4141: result: o
configure:4145: checking whether the compiler supports GNU C
configure:4165: gcc -c   conftest.c >&5
configure:4165: $? = 0
configure:4175: result: yes
configure:4186: checking whether gcc accepts -g
configure:4207: gcc -c -g  conftest.c >&5
configure:4207: $? = 0
configure:4251: result: yes
configure:4271: checking for gcc option to enable C11 features
configure:4286: gcc  -c -g -O2  conftest.c >&5
configure:4286: $? = 0
configure:4304: result: none needed
configure:4420: checking whether gcc understands -c and -o together
configure:4443: gcc -c conftest.c -o conftest2.o
configure:4446: $? = 0
configure:4443: gcc -c conftest.c -o conftest2.o
configure:4446: $? = 0
configure:4458: result: yes
configure:4477: checking dependency style of gcc
configure:4589: result: gcc3
configure:4604: checking for a sed that does not truncate output
configure:4674: result: /usr/local/bin/gsed
configure:4692: checking for grep that handles long lines and -e
configure:4756: result: /usr/bin/grep
configure:4761: checking for egrep
configure:4829: result: /usr/bin/grep -E
configure:4834: checking for fgrep
configure:4902: result: /usr/bin/grep -F
configure:4938: checking for ld used by gcc
configure:5006: result: /usr/local/bin/ld
configure:5013: checking if the linker (/usr/local/bin/ld) is GNU ld
configure:5029: result: yes
configure:5041: checking for BSD- or MS-compatible name lister (nm)
configure:5096: result: /usr/local/bin/nm -B
configure:5236: checking the name lister (/usr/local/bin/nm -B) interface
configure:5244: gcc -c -g -O2  conftest.c >&5
configure:5247: /usr/local/bin/nm -B "conftest.o"
configure:5250: output
0000000000000000 B some_variable
configure:5257: result: BSD nm
configure:5260: checking whether ln -s works
configure:5264: result: yes
configure:5272: checking the maximum length of command line arguments
configure:5404: result: 393216
configure:5452: checking how to convert amd64-unknown-freebsd13.1 file names to amd64-unknown-freebsd13.1 format
configure:5493: result: func_convert_file_noop
configure:5500: checking how to convert amd64-unknown-freebsd13.1 file names to toolchain format
configure:5521: result: func_convert_file_noop
configure:5528: checking for /usr/local/bin/ld option to reload object files
configure:5536: result: -r
configure:5615: checking for file
configure:5636: found /usr/bin/file
configure:5647: result: file
configure:5723: checking for objdump
configure:5744: found /usr/local/bin/objdump
configure:5755: result: objdump
configure:5787: checking how to recognize dependent libraries
configure:5988: result: pass_all
configure:6078: checking for dlltool
configure:6113: result: no
configure:6143: checking how to associate runtime and link libraries
configure:6171: result: printf %s\n
configure:6237: checking for ar
configure:6258: found /usr/bin/ar
configure:6269: result: ar
configure:6322: checking for archiver @FILE support
configure:6340: gcc -c -g -O2  conftest.c >&5
configure:6340: $? = 0
configure:6344: ar cr libconftest.a @conftest.lst >&5
ar: warning: can't open file: @conftest.lst: No such file or directory
configure:6347: $? = 1
configure:6367: result: no
configure:6430: checking for strip
configure:6451: found /usr/bin/strip
configure:6462: result: strip
configure:6539: checking for ranlib
configure:6560: found /usr/bin/ranlib
configure:6571: result: ranlib
configure:6673: checking command to parse /usr/local/bin/nm -B output from gcc object
configure:6827: gcc -c -g -O2  conftest.c >&5
configure:6830: $? = 0
configure:6834: /usr/local/bin/nm -B conftest.o \| /usr/local/bin/gsed -n -e 's/^.*[ ]\([ABCDGIRSTW][ABCDGIRSTW]*\)[ ][ ]*\([_A-Za-z][_A-Za-z0-9]*\)$/\1 \2 \2/p' | /usr/local/bin/gsed '/ __gnu_lto/d' \> conftest.nm
configure:6837: $? = 0
configure:6903: gcc -o conftest -g -O2   conftest.c conftstm.o >&5
configure:6906: $? = 0
configure:6944: result: ok
configure:6991: checking for sysroot
configure:7022: result: no
configure:7029: checking for a working dd
configure:7073: result: /bin/dd
configure:7077: checking how to truncate binary pipes
configure:7093: result: /bin/dd bs=4096 count=1
configure:7430: checking for mt
configure:7451: found /usr/bin/mt
configure:7462: result: mt
configure:7485: checking if mt is a manifest tool
configure:7492: mt '-?'
mt: illegal option -- ?
usage: mt [-f device] command [count]
configure:7500: result: no
configure:8225: checking for stdio.h
configure:8225: gcc -c -g -O2  conftest.c >&5
configure:8225: $? = 0
configure:8225: result: yes
configure:8225: checking for stdlib.h
configure:8225: gcc -c -g -O2  conftest.c >&5
configure:8225: $? = 0
configure:8225: result: yes
configure:8225: checking for string.h
configure:8225: gcc -c -g -O2  conftest.c >&5
configure:8225: $? = 0
configure:8225: result: yes
configure:8225: checking for inttypes.h
configure:8225: gcc -c -g -O2  conftest.c >&5
configure:8225: $? = 0
configure:8225: result: yes
configure:8225: checking for stdint.h
configure:8225: gcc -c -g -O2  conftest.c >&5
configure:8225: $? = 0
configure:8225: result: yes
configure:8225: checking for strings.h
configure:8225: gcc -c -g -O2  conftest.c >&5
configure:8225: $? = 0
configure:8225: result: yes
configure:8225: checking for sys/stat.h
configure:8225: gcc -c -g -O2  conftest.c >&5
configure:8225: $? = 0
configure:8225: result: yes
configure:8225: checking for sys/types.h
configure:8225: gcc -c -g -O2  conftest.c >&5
configure:8225: $? = 0
configure:8225: result: yes
configure:8225: checking for unistd.h
configure:8225: gcc -c -g -O2  conftest.c >&5
configure:8225: $? = 0
configure:8225: result: yes
configure:8250: checking for dlfcn.h
configure:8250: gcc -c -g -O2  conftest.c >&5
configure:8250: $? = 0
configure:8250: result: yes
configure:8508: checking for objdir
configure:8524: result: .libs
configure:8784: checking if gcc supports -fno-rtti -fno-exceptions
configure:8803: gcc -c -g -O2  -fno-rtti -fno-exceptions conftest.c >&5
cc1: warning: command-line option '-fno-rtti' is valid for C++/D/ObjC++ but not for C
configure:8807: $? = 0
configure:8820: result: no
configure:9178: checking for gcc option to produce PIC
configure:9186: result: -fPIC -DPIC
configure:9194: checking if gcc PIC flag -fPIC -DPIC works
configure:9213: gcc -c -g -O2  -fPIC -DPIC -DPIC conftest.c >&5
configure:9217: $? = 0
configure:9230: result: yes
configure:9259: checking if gcc static flag -static works
configure:9288: result: yes
configure:9303: checking if gcc supports -c -o file.o
configure:9325: gcc -c -g -O2  -o out/conftest2.o conftest.c >&5
configure:9329: $? = 0
configure:9351: result: yes
configure:9359: checking if gcc supports -c -o file.o
configure:9407: result: yes
configure:9440: checking whether the gcc linker (/usr/local/bin/ld) supports shared libraries
configure:10708: result: yes
configure:10745: checking whether -lc should be explicitly linked in
configure:10754: gcc -c -g -O2  conftest.c >&5
configure:10757: $? = 0
configure:10772: gcc -shared  -fPIC -DPIC conftest.o  -v -Wl,-soname -Wl,conftest -o conftest 2\>\&1 \| /usr/bin/grep  -lc  \>/dev/null 2\>\&1
configure:10775: $? = 0
configure:10789: result: no
configure:10949: checking dynamic linker characteristics
configure:11770: result: freebsd13.1 ld.so
configure:11892: checking how to hardcode library paths into programs
configure:11917: result: immediate
configure:12019: checking for shl_load
configure:12019: gcc -o conftest -g -O2   conftest.c  >&5
/usr/local/bin/ld: /tmp//ccUnRC0p.o: in function `main':
/home/system/src/C/logger/conftest.c:50: undefined reference to `shl_load'
collect2: error: ld returned 1 exit status
configure:12019: $? = 1
configure: failed program was:
| /* confdefs.h */
| #define PACKAGE_NAME "logger"
| #define PACKAGE_TARNAME "logger"
| #define PACKAGE_VERSION "1.0"
| #define PACKAGE_STRING "logger 1.0"
| #define PACKAGE_BUGREPORT "gabor.zelenak@me.com"
| #define PACKAGE_URL ""
| #define PACKAGE "logger"
| #define VERSION "1.0"
| #define HAVE_STDIO_H 1
| #define HAVE_STDLIB_H 1
| #define HAVE_STRING_H 1
| #define HAVE_INTTYPES_H 1
| #define HAVE_STDINT_H 1
| #define HAVE_STRINGS_H 1
| #define HAVE_SYS_STAT_H 1
| #define HAVE_SYS_TYPES_H 1
| #define HAVE_UNISTD_H 1
| #define STDC_HEADERS 1
| #define HAVE_DLFCN_H 1
| #define LT_OBJDIR ".libs/"
| /* end confdefs.h.  */
| /* Define shl_load to an innocuous variant, in case <limits.h> declares shl_load.
|    For example, HP-UX 11i <limits.h> declares gettimeofday.  */
| #define shl_load innocuous_shl_load
| 
| /* System header to define __stub macros and hopefully few prototypes,
|    which can conflict with char shl_load (); below.  */
| 
| #include <limits.h>
| #undef shl_load
| 
| /* Override any GCC internal prototype to avoid an error.
|    Use char because int might match the return type of a GCC
|    builtin and then its argument prototype would still apply.  */
| #ifdef __cplusplus
| extern "C"
| #endif
| char shl_load ();
| /* The GNU C library defines this for functions which it implements
|     to always fail with ENOSYS.  Some functions are actually named
|     something starting with __ and the normal name is an alias.  */
| #if defined __stub_shl_load || defined __stub___shl_load
| choke me
| #endif
| 
| int
| main (void)
| {
| return shl_load ();
|   ;
|   return 0;
| }
configure:12019: result: no
configure:12024: checking for shl_load in -ldld
configure:12047: gcc -o conftest -g -O2   conftest.c -ldld   >&5
/usr/local/bin/ld: cannot find -ldld
collect2: error: ld returned 1 exit status
configure:12047: $? = 1
configure: failed program was:
| /* confdefs.h */
| #define PACKAGE_NAME "logger"
| #define PACKAGE_TARNAME "logger"
| #define PACKAGE_VERSION "1.0"
| #define PACKAGE_STRING "logger 1.0"
| #define PACKAGE_BUGREPORT "gabor.zelenak@me.com"
| #define PACKAGE_URL ""
| #define PACKAGE "logger"
| #define VERSION "1.0"
| #define HAVE_STDIO_H 1
| #define HAVE_STDLIB_H 1
| #define HAVE_STRING_H 1
| #define HAVE_INTTYPES_H 1
| #define HAVE_STDINT_H 1
| #define HAVE_STRINGS_H 1
| #define HAVE_SYS_STAT_H 1
| #define HAVE_SYS_TYPES_H 1
| #define HAVE_UNISTD_H 1
| #define STDC_HEADERS 1
| #define HAVE_DLFCN_H 1
| #define LT_OBJDIR ".libs/"
| /* end confdefs.h.  */
| 
| /* Override any GCC internal prototype to avoid an error.
|    Use char because int might match the return type of a GCC
|    builtin and then its argument prototype would still apply.  */
| char shl_load ();
| int
| main (void)
| {
| return shl_load ();
|   ;
|   return 0;
| }
configure:12057: result: no
configure:12063: checking for dlopen
configure:12063: gcc -o conftest -g -O2   conftest.c  >&5
configure:12063: $? = 0
configure:12063: result: yes
configure:12221: checking whether a program can dlopen itself
configure:12302: gcc -o conftest -g -O2  -DHAVE_DLFCN_H  -Wl,--export-dynamic conftest.c   >&5
configure:12305: $? = 0
configure:12323: result: yes
configure:12328: checking whether a statically linked program can dlopen itself
configure:12409: gcc -o conftest -g -O2  -DHAVE_DLFCN_H  -Wl,--export-dynamic -static conftest.c   >&5
configure:12412: $? = 0
Service unavailable
configure:12430: result: no
configure:12469: checking whether stripping libraries is possible
configure:12493: result: yes
configure:12520: checking if libtool supports shared libraries
configure:12522: result: yes
configure:12525: checking whether to build shared libraries
configure:12550: result: yes
configure:12553: checking whether to build static libraries
configure:12557: result: yes
configure:12648: checking for gcc
configure:12680: result: gcc
configure:13033: checking for C compiler version
configure:13042: gcc --version >&5
gcc (FreeBSD Ports Collection) 11.3.0
Copyright (C) 2021 Free Software Foundation, Inc.
This is free software; see the source for copying conditions.  There is NO
warranty; not even for MERCHANTABILITY or FITNESS FOR A PARTICULAR PURPOSE.

configure:13053: $? = 0
configure:13042: gcc -v >&5
Using built-in specs.
COLLECT_GCC=gcc
COLLECT_LTO_WRAPPER=/usr/local/libexec/gcc11/gcc/x86_64-portbld-freebsd13.0/11.3.0/lto-wrapper
Target: x86_64-portbld-freebsd13.0
Configured with: /wrkdirs/usr/ports/lang/gcc11/work/gcc-11.3.0/configure --enable-multilib --with-build-config=bootstrap-lto-noplugin --disable-nls --enable-gnu-indirect-function --enable-host-shared --enable-plugin --libdir=/usr/local/lib/gcc11 --libexecdir=/usr/local/libexec/gcc11 --program-suffix=11 --with-as=/usr/local/bin/as --with-gmp=/usr/local --with-gxx-include-dir=/usr/local/lib/gcc11/include/c++/ --with-gxx-libcxx-include-dir=/usr/include/c++/v1 --with-ld=/usr/local/bin/ld --with-pkgversion='FreeBSD Ports Collection' --with-system-zlib --without-zstd --enable-languages=c,c++,objc,fortran,jit --prefix=/usr/local --localstatedir=/var --mandir=/usr/local/man --infodir=/usr/local/share/info/gcc11 --build=x86_64-portbld-freebsd13.0
Thread model: posix
Supported LTO compression algorithms: zlib
gcc version 11.3.0 (FreeBSD Ports Collection) 
configure:13053: $? = 0
configure:13042: gcc -V >&5
gcc: error: unrecognized command-line option '-V'
gcc: fatal error: no input files
compilation terminated.
configure:13053: $? = 1
configure:13042: gcc -qversion >&5
gcc: error: unrecognized command-line option '-qversion'; did you mean '--version'?
gcc: fatal error: no input files
compilation terminated.
configure:13053: $? = 1
configure:13042: gcc -version >&5
gcc: error: unrecognized command-line option '-version'
gcc: fatal error: no input files
compilation terminated.
configure:13053: $? = 1
configure:13057: checking whether the compiler supports GNU C
configure:13087: result: yes
configure:13098: checking whether gcc accepts -g
configure:13163: result: yes
configure:13183: checking for gcc option to enable C11 features
configure:13216: result: none needed
configure:13332: checking whether gcc understands -c and -o together
configure:13370: result: yes
configure:13389: checking dependency style of gcc
configure:13501: result: gcc3
configure:13519: checking for main in -lc
configure:13539: gcc -o conftest -g -O2   conftest.c -lc   >&5
configure:13539: $? = 0
configure:13549: result: yes
configure:13560: checking for main in -lm
configure:13580: gcc -o conftest -g -O2   conftest.c -lm  -lc  >&5
configure:13580: $? = 0
configure:13590: result: yes
configure:13601: checking for main in -lpthread
configure:13621: gcc -o conftest -g -O2   conftest.c -lpthread  -lm -lc  >&5
configure:13621: $? = 0
configure:13631: result: yes
configure:13643: checking for stdio.h
configure:13643: result: yes
configure:13649: checking for stdlib.h
configure:13649: result: yes
configure:13655: checking for stdarg.h
configure:13655: gcc -c -g -O2  conftest.c >&5
configure:13655: $? = 0
configure:13655: result: yes
configure:13661: checking for string.h
configure:13661: result: yes
configure:13667: checking for unistd.h
configure:13667: result: yes
configure:13676: checking for size_t
configure:13676: gcc -c -g -O2  conftest.c >&5
configure:13676: $? = 0
configure:13676: gcc -c -g -O2  conftest.c >&5
conftest.c: In function 'main':
conftest.c:62:21: error: expected expression before ')' token
   62 | if (sizeof ((size_t)))
      |                     ^
configure:13676: $? = 1
configure: failed program was:
| /* confdefs.h */
| #define PACKAGE_NAME "logger"
| #define PACKAGE_TARNAME "logger"
| #define PACKAGE_VERSION "1.0"
| #define PACKAGE_STRING "logger 1.0"
| #define PACKAGE_BUGREPORT "gabor.zelenak@me.com"
| #define PACKAGE_URL ""
| #define PACKAGE "logger"
| #define VERSION "1.0"
| #define HAVE_STDIO_H 1
| #define HAVE_STDLIB_H 1
| #define HAVE_STRING_H 1
| #define HAVE_INTTYPES_H 1
| #define HAVE_STDINT_H 1
| #define HAVE_STRINGS_H 1
| #define HAVE_SYS_STAT_H 1
| #define HAVE_SYS_TYPES_H 1
| #define HAVE_UNISTD_H 1
| #define STDC_HEADERS 1
| #define HAVE_DLFCN_H 1
| #define LT_OBJDIR ".libs/"
| #define HAVE_LIBC 1
| #define HAVE_LIBM 1
| #define HAVE_LIBPTHREAD 1
| #define HAVE_STDIO_H 1
| #define HAVE_STDLIB_H 1
| #define HAVE_STDARG_H 1
| #define HAVE_STRING_H 1
| #define HAVE_UNISTD_H 1
| /* end confdefs.h.  */
| #include <stddef.h>
| #ifdef HAVE_STDIO_H
| # include <stdio.h>
| #endif
| #ifdef HAVE_STDLIB_H
| # include <stdlib.h>
| #endif
| #ifdef HAVE_STRING_H
| # include <string.h>
| #endif
| #ifdef HAVE_INTTYPES_H
| # include <inttypes.h>
| #endif
| #ifdef HAVE_STDINT_H
| # include <stdint.h>
| #endif
| #ifdef HAVE_STRINGS_H
| # include <strings.h>
| #endif
| #ifdef HAVE_SYS_TYPES_H
| # include <sys/types.h>
| #endif
| #ifdef HAVE_SYS_STAT_H
| # include <sys/stat.h>
| #endif
| #ifdef HAVE_UNISTD_H
| # include <unistd.h>
| #endif
| int
| main (void)
| {
| if (sizeof ((size_t)))
| 	    return 0;
|   ;
|   return 0;
| }
configure:13676: result: yes
configure:13800: checking that generated files are newer than configure
configure:13806: result: done
configure:13833: creating ./config.status

## ---------------------- ##
## Running config.status. ##
## ---------------------- ##

This file was extended by logger config.status 1.0, which was
generated by GNU Autoconf 2.71.  Invocation command line was

  CONFIG_FILES    = 
  CONFIG_HEADERS  = 
  CONFIG_LINKS    = 
  CONFIG_COMMANDS = 
  $ ./config.status 

on fujitsu

config.status:1089: creating Makefile
config.status:1089: creating src/libsrc/Makefile
config.status:1089: creating src/Makefile
config.status:1089: creating config.h
config.status:1270: config.h is unchanged
config.status:1318: executing depfiles commands
config.status:1393: cd src/libsrc       && sed -e '/# am--include-marker/d' Makefile         | make -f - am--depfiles
config.status:1400: $? = 0
config.status:1393: cd src       && sed -e '/# am--include-marker/d' Makefile         | make -f - am--depfiles
config.status:1400: $? = 0
config.status:1318: executing libtool commands

## ---------------- ##
## Cache variables. ##
## ---------------- ##

ac_cv_build=amd64-unknown-freebsd13.1
ac_cv_c_compiler_gnu=yes
ac_cv_env_CC_set=''
ac_cv_env_CC_value=''
ac_cv_env_CFLAGS_set=''
ac_cv_env_CFLAGS_value=''
ac_cv_env_CPPFLAGS_set=''
ac_cv_env_CPPFLAGS_value=''
ac_cv_env_LDFLAGS_set=''
ac_cv_env_LDFLAGS_value=''
ac_cv_env_LIBS_set=''
ac_cv_env_LIBS_value=''
ac_cv_env_LT_SYS_LIBRARY_PATH_set=''
ac_cv_env_LT_SYS_LIBRARY_PATH_value=''
ac_cv_env_build_alias_set=''
ac_cv_env_build_alias_value=''
ac_cv_env_host_alias_set=''
ac_cv_env_host_alias_value=''
ac_cv_env_target_alias_set=''
ac_cv_env_target_alias_value=''
ac_cv_func_dlopen=yes
ac_cv_func_shl_load=no
ac_cv_header_dlfcn_h=yes
ac_cv_header_inttypes_h=yes
ac_cv_header_stdarg_h=yes
ac_cv_header_stdint_h=yes
ac_cv_header_stdio_h=yes
ac_cv_header_stdlib_h=yes
ac_cv_header_string_h=yes
ac_cv_header_strings_h=yes
ac_cv_header_sys_stat_h=yes
ac_cv_header_sys_types_h=yes
ac_cv_header_unistd_h=yes
ac_cv_host=amd64-unknown-freebsd13.1
ac_cv_lib_c_main=yes
ac_cv_lib_dld_shl_load=no
ac_cv_lib_m_main=yes
ac_cv_lib_pthread_main=yes
ac_cv_objext=o
ac_cv_path_EGREP='/usr/bin/grep -E'
ac_cv_path_FGREP='/usr/bin/grep -F'
ac_cv_path_GREP=/usr/bin/grep
ac_cv_path_SED=/usr/local/bin/gsed
ac_cv_path_install='/usr/bin/install -c'
ac_cv_path_lt_DD=/bin/dd
ac_cv_prog_AWK=nawk
ac_cv_prog_ac_ct_AR=ar
ac_cv_prog_ac_ct_CC=gcc
ac_cv_prog_ac_ct_FILECMD=file
ac_cv_prog_ac_ct_MANIFEST_TOOL=mt
ac_cv_prog_ac_ct_OBJDUMP=objdump
ac_cv_prog_ac_ct_RANLIB=ranlib
ac_cv_prog_ac_ct_STRIP=strip
ac_cv_prog_cc_c11=''
ac_cv_prog_cc_g=yes
ac_cv_prog_cc_stdc=''
ac_cv_prog_make_make_set=yes
ac_cv_type_size_t=yes
am_cv_CC_dependencies_compiler_type=gcc3
am_cv_make_support_nested_variables=yes
am_cv_prog_cc_c_o=yes
lt_cv_ar_at_file=no
lt_cv_archive_cmds_need_lc=no
lt_cv_deplibs_check_method=pass_all
lt_cv_dlopen=dlopen
lt_cv_dlopen_libs=''
lt_cv_dlopen_self=yes
lt_cv_dlopen_self_static=no
lt_cv_file_magic_cmd='$MAGIC_CMD'
lt_cv_file_magic_test_file=''
lt_cv_ld_reload_flag=-r
lt_cv_nm_interface='BSD nm'
lt_cv_objdir=.libs
lt_cv_path_LD=/usr/local/bin/ld
lt_cv_path_NM='/usr/local/bin/nm -B'
lt_cv_path_mainfest_tool=no
lt_cv_prog_compiler_c_o=yes
lt_cv_prog_compiler_pic='-fPIC -DPIC'
lt_cv_prog_compiler_pic_works=yes
lt_cv_prog_compiler_rtti_exceptions=no
lt_cv_prog_compiler_static_works=yes
lt_cv_prog_gnu_ld=yes
lt_cv_sharedlib_from_linklib_cmd='printf %s\n'
lt_cv_sys_global_symbol_pipe=$'/usr/local/bin/gsed -n -e \'s/^.*[\t ]\\([ABCDGIRSTW][ABCDGIRSTW]*\\)[\t ][\t ]*\\([_A-Za-z][_A-Za-z0-9]*\\)$/\\1 \\2 \\2/p\' | /usr/local/bin/gsed \'/ __gnu_lto/d\''
lt_cv_sys_global_symbol_to_c_name_address=$'/usr/local/bin/gsed -n -e \'s/^: \\(.*\\) .*$/  {"\\1", (void *) 0},/p\' -e \'s/^[ABCDGIRSTW][ABCDGIRSTW]* .* \\(.*\\)$/  {"\\1", (void *) \\&\\1},/p\''
lt_cv_sys_global_symbol_to_c_name_address_lib_prefix=$'/usr/local/bin/gsed -n -e \'s/^: \\(.*\\) .*$/  {"\\1", (void *) 0},/p\' -e \'s/^[ABCDGIRSTW][ABCDGIRSTW]* .* \\(lib.*\\)$/  {"\\1", (void *) \\&\\1},/p\' -e \'s/^[ABCDGIRSTW][ABCDGIRSTW]* .* \\(.*\\)$/  {"lib\\1", (void *) \\&\\1},/p\''
lt_cv_sys_global_symbol_to_cdecl=$'/usr/local/bin/gsed -n -e \'s/^T .* \\(.*\\)$/extern int \\1();/p\' -e \'s/^[ABCDGIRSTW][ABCDGIRSTW]* .* \\(.*\\)$/extern char \\1;/p\''
lt_cv_sys_global_symbol_to_import=''
lt_cv_sys_max_cmd_len=393216
lt_cv_to_host_file_cmd=func_convert_file_noop
lt_cv_to_tool_file_cmd=func_convert_file_noop
lt_cv_truncate_bin='/bin/dd bs=4096 count=1'

## ----------------- ##
## Output variables. ##
## ----------------- ##

ACLOCAL='${SHELL} '\''/home/system/src/C/logger/missing'\'' aclocal-1.16'
AMDEPBACKSLASH='\'
AMDEP_FALSE='#'
AMDEP_TRUE=''
AMTAR='$${TAR-tar}'
AM_BACKSLASH='\'
AM_DEFAULT_V='$(AM_DEFAULT_VERBOSITY)'
AM_DEFAULT_VERBOSITY='1'
AM_V='$(V)'
AR='ar'
AUTOCONF='${SHELL} '\''/home/system/src/C/logger/missing'\'' autoconf'
AUTOHEADER='${SHELL} '\''/home/system/src/C/logger/missing'\'' autoheader'
AUTOMAKE='${SHELL} '\''/home/system/src/C/logger/missing'\'' automake-1.16'
AWK='nawk'
CC='gcc'
CCDEPMODE='depmode=gcc3'
CFLAGS='-g -O2'
CPPFLAGS=''
CSCOPE='cscope'
CTAGS='ctags'
CYGPATH_W='echo'
DEFS='-DHAVE_CONFIG_H'
DEPDIR='.deps'
DLLTOOL='false'
DSYMUTIL=''
DUMPBIN=''
ECHO_C=''
ECHO_N='-n'
ECHO_T=''
EGREP='/usr/bin/grep -E'
ETAGS='etags'
EXEEXT=''
FGREP='/usr/bin/grep -F'
FILECMD='file'
GREP='/usr/bin/grep'
INSTALL_DATA='${INSTALL} -m 644'
INSTALL_PROGRAM='${INSTALL}'
INSTALL_SCRIPT='${INSTALL}'
INSTALL_STRIP_PROGRAM='$(install_sh) -c -s'
LD='/usr/local/bin/ld'
LDFLAGS=''
LIBOBJS=''
LIBS='-lpthread -lm -lc '
LIBTOOL='$(SHELL) $(top_builddir)/libtool'
LIPO=''
LN_S='ln -s'
LTLIBOBJS=''
LT_SYS_LIBRARY_PATH=''
MAKEINFO='${SHELL} '\''/home/system/src/C/logger/missing'\'' makeinfo'
MANIFEST_TOOL=':'
MKDIR_P='./install-sh -c -d'
NM='/usr/local/bin/nm -B'
NMEDIT=''
OBJDUMP='objdump'
OBJEXT='o'
OTOOL64=''
OTOOL=''
PACKAGE='logger'
PACKAGE_BUGREPORT='gabor.zelenak@me.com'
PACKAGE_NAME='logger'
PACKAGE_STRING='logger 1.0'
PACKAGE_TARNAME='logger'
PACKAGE_URL=''
PACKAGE_VERSION='1.0'
PATH_SEPARATOR=':'
RANLIB='ranlib'
SED='/usr/local/bin/gsed'
SET_MAKE=''
SHELL='/bin/sh'
STRIP='strip'
VERSION='1.0'
ac_ct_AR='ar'
ac_ct_CC='gcc'
ac_ct_DUMPBIN=''
am__EXEEXT_FALSE=''
am__EXEEXT_TRUE='#'
am__fastdepCC_FALSE='#'
am__fastdepCC_TRUE=''
am__include='include'
am__isrc=''
am__leading_dot='.'
am__nodep='_no'
am__quote=''
am__tar='$${TAR-tar} chof - "$$tardir"'
am__untar='$${TAR-tar} xf -'
bindir='${exec_prefix}/bin'
build='amd64-unknown-freebsd13.1'
build_alias=''
build_cpu='amd64'
build_os='freebsd13.1'
build_vendor='unknown'
datadir='${datarootdir}'
datarootdir='${prefix}/share'
docdir='${datarootdir}/doc/${PACKAGE_TARNAME}'
dvidir='${docdir}'
exec_prefix='${prefix}'
host='amd64-unknown-freebsd13.1'
host_alias=''
host_cpu='amd64'
host_os='freebsd13.1'
host_vendor='unknown'
htmldir='${docdir}'
includedir='${prefix}/include'
infodir='${datarootdir}/info'
install_sh='${SHELL} /home/system/src/C/logger/install-sh'
libdir='${exec_prefix}/lib'
libexecdir='${exec_prefix}/libexec'
localedir='${datarootdir}/locale'
localstatedir='${prefix}/var'
mandir='${datarootdir}/man'
mkdir_p='$(MKDIR_P)'
oldincludedir='/usr/include'
pdfdir='${docdir}'
prefix='/home/system/src/C/logger'
program_transform_name='s,x,x,'
psdir='${docdir}'
runstatedir='${localstatedir}/run'
sbindir='${exec_prefix}/sbin'
sharedstatedir='${prefix}/com'
sysconfdir='${prefix}/etc'
target_alias=''

## ----------- ##
## confdefs.h. ##
## ----------- ##

/* confdefs.h */
#define PACKAGE_NAME "logger"
#define PACKAGE_TARNAME "logger"
#define PACKAGE_VERSION "1.0"
#define PACKAGE_STRING "logger 1.0"
#define PACKAGE_BUGREPORT "gabor.zelenak@me.com"
#define PACKAGE_URL ""
#define PACKAGE "logger"
#define VERSION "1.0"
#define HAVE_STDIO_H 1
#define HAVE_STDLIB_H 1
#define HAVE_STRING_H 1
#define HAVE_INTTYPES_H 1
#define HAVE_STDINT_H 1
#define HAVE_STRINGS_H 1
#define HAVE_SYS_STAT_H 1
#define HAVE_SYS_TYPES_H 1
#define HAVE_UNISTD_H 1
#define STDC_HEADERS 1
#define HAVE_DLFCN_H 1
#define LT_OBJDIR ".libs/"
#define HAVE_LIBC 1
#define HAVE_LIBM 1
#define HAVE_LIBPTHREAD 1
#define HAVE_STDIO_H 1
#define HAVE_STDLIB_H 1
#define HAVE_STDARG_H 1
#define HAVE_STRING_H 1
#define HAVE_UNISTD_H 1

configure: exit 0
